[0m00:19:13.101345 [debug] [MainThread]: Sending event: {'category': 'dbt', 'action': 'invocation', 'label': 'start', 'context': [<snowplow_tracker.self_describing_json.SelfDescribingJson object at 0x105e97c90>, <snowplow_tracker.self_describing_json.SelfDescribingJson object at 0x1046479d0>, <snowplow_tracker.self_describing_json.SelfDescribingJson object at 0x1062ba9d0>]}


============================== 00:19:13.104651 | 93d94bf4-69bf-48e3-85c7-ac5b1e9c463e ==============================
[0m00:19:13.104651 [info ] [MainThread]: Running with dbt=1.11.11
[0m00:19:13.105005 [debug] [MainThread]: running dbt with arguments {'partial_parse': 'True', 'log_path': 'logs', 'warn_error_options': 'WarnErrorOptionsV2(error=[], warn=[], silence=[])', 'use_experimental_parser': 'False', 'send_anonymous_usage_stats': 'True', 'indirect_selection': 'eager', 'log_format': 'default', 'cache_selected_only': 'False', 'version_check': 'True', 'invocation_command': 'dbt init trade_pipeline', 'write_json': 'True', 'target_path': 'None', 'use_colors': 'True', 'printer_width': '80', 'log_cache_events': 'False', 'introspect': 'True', 'empty': 'None', 'quiet': 'False', 'static_parser': 'True', 'debug': 'False', 'no_print': 'None', 'profiles_dir': '/Users/vkosurkar/.dbt', 'fail_fast': 'False', 'warn_error': 'None'}
[0m00:19:13.113328 [info ] [MainThread]: Creating dbt configuration folder at /Users/vkosurkar/.dbt
[0m00:19:13.114372 [debug] [MainThread]: Starter project path: /Library/Frameworks/Python.framework/Versions/3.11/lib/python3.11/site-packages/dbt/include/starter_project
[0m00:19:13.117726 [info ] [MainThread]: 
Your new dbt project "trade_pipeline" was created!

For more information on how to configure the profiles.yml file,
please consult the dbt documentation here:

  https://docs.getdbt.com/docs/configure-your-profile

One more thing:

Need help? Don't hesitate to reach out to us via GitHub issues or on Slack:

  https://community.getdbt.com/

Happy modeling!

[0m00:19:13.117928 [info ] [MainThread]: Setting up your profile.
[0m00:19:38.323326 [debug] [MainThread]: Snowflake adapter: Setting snowflake.connector to ERROR (file logging only)
[0m00:19:38.324070 [debug] [MainThread]: Snowflake adapter: Setting botocore to ERROR (file logging only)
[0m00:19:38.324282 [debug] [MainThread]: Snowflake adapter: Setting boto3 to ERROR (file logging only)
[0m00:20:40.257412 [info ] [MainThread]: Profile trade_pipeline written to /Users/vkosurkar/.dbt/profiles.yml using target's profile_template.yml and your supplied values. Run 'dbt debug' to validate the connection.
[0m00:20:40.318539 [debug] [MainThread]: Resource report: {"command_name": "init", "command_success": true, "command_wall_clock_time": 87.26312, "process_in_blocks": "0", "process_kernel_time": 0.415246, "process_mem_max_rss": "190382080", "process_out_blocks": "0", "process_user_time": 2.885911}
[0m00:20:40.321885 [debug] [MainThread]: Command `dbt init` succeeded at 00:20:40.321651 after 87.27 seconds
[0m00:20:40.323005 [debug] [MainThread]: Sending event: {'category': 'dbt', 'action': 'invocation', 'label': 'end', 'context': [<snowplow_tracker.self_describing_json.SelfDescribingJson object at 0x10629c390>, <snowplow_tracker.self_describing_json.SelfDescribingJson object at 0x100693610>, <snowplow_tracker.self_describing_json.SelfDescribingJson object at 0x10055e6d0>]}
[0m00:20:40.323818 [debug] [MainThread]: Flushing usage events
[0m00:20:41.549382 [debug] [MainThread]: An error was encountered while trying to flush usage events
